{
  "0 debug pnpm:scope": {
    "selected": 1
  },
  "1 debug pnpm:package-manifest": {
    "initial": {
      "name": "ipfs-message-port-client",
      "version": "0.5.0-fission",
      "description": "IPFS client library for accessing IPFS node over message port",
      "keywords": [
        "ipfs",
        "message-port",
        "worker"
      ],
      "homepage": "https://github.com/ipfs/js-ipfs/tree/master/packages/ipfs-message-port-client#readme",
      "bugs": "https://github.com/ipfs/js-ipfs/issues",
      "license": "(Apache-2.0 OR MIT)",
      "leadMaintainer": "Alex Potsides <alex@achingbrain.net>",
      "files": [
        "src",
        "dist"
      ],
      "main": "src/index.js",
      "typesVersions": {
        "*": {
          "*": [
            "dist/*",
            "dist/*/index"
          ]
        }
      },
      "browser": {},
      "repository": {
        "type": "git",
        "url": "git+https://github.com/ipfs/js-ipfs.git"
      },
      "scripts": {
        "test": "echo 'Only interface tests live here'",
        "test:interface:message-port-client": "npm run build:test-worker && aegir test -t browser -f ./test/interface-message-port-client.js",
        "lint": "aegir lint",
        "build:test-worker": "aegir build -- --config ./test/util/webpack.config.js",
        "build": "npm run build:bundle && npm run build:types",
        "build:bundle": "aegir build",
        "build:types": "tsc --build",
        "coverage": "npx nyc -r html npm run test:node -- --bail",
        "clean": "rimraf ./dist",
        "dep-check": "aegir dep-check -i typescript -i ipfs-core -i rimraf -i ipfs-core-types"
      },
      "dependencies": {
        "@atjson/offset-annotations": "^0.38.3",
        "@jolocom/sdk": "^1.3.2",
        "@jolocom/sdk-storage-typeorm": "^4.2.0",
        "@swc/cli": "^0.1.52",
        "@swc/core": "^1.2.118",
        "browser-readablestream-to-it": "^1.0.1",
        "fp-ts": "^2.10.5",
        "ipfs-core-types": "^0.2.0",
        "ipfs-message-port-protocol": "^0.5.0",
        "jolocom-lib": "^5.2.1",
        "load-json-file": "^6.2.0",
        "twitter-api-ts": "^0.0.33",
        "typeorm": "^0.2.41",
        "web3": "^1.6.1"
      },
      "devDependencies": {
        "aegir": "^29.2.2",
        "interface-ipfs-core": "^0.143.1",
        "ipfs": "^0.53.1",
        "ipfs-core": "^0.4.1",
        "ipfs-message-port-server": "^0.5.0",
        "rimraf": "^3.0.2",
        "typescript": "4.0.x"
      },
      "engines": {
        "node": ">=10.3.0",
        "npm": ">=3.0.0"
      },
      "contributors": [
        "Irakli Gozalishvili <dev@gozala.io>"
      ]
    },
    "prefix": "/home/vera"
  },
  "2 debug pnpm:context": {
    "currentLockfileExists": true,
    "storeDir": "/home/vera/.pnpm-store/v3",
    "virtualStoreDir": "/home/vera/node_modules/.pnpm"
  },
  "3 debug pnpm:stage": {
    "prefix": "/home/vera",
    "stage": "resolution_started"
  },
  "4 warn pnpm": {
    "message": "Moving aegir that was installed by a different package manager to \"node_modules/.ignored",
    "prefix": "/home/vera"
  },
  "5 warn pnpm": {
    "message": "Moving interface-ipfs-core that was installed by a different package manager to \"node_modules/.ignored",
    "prefix": "/home/vera"
  },
  "6 warn pnpm": {
    "message": "Moving ipfs that was installed by a different package manager to \"node_modules/.ignored",
    "prefix": "/home/vera"
  },
  "7 warn pnpm": {
    "message": "Moving ipfs-core that was installed by a different package manager to \"node_modules/.ignored",
    "prefix": "/home/vera"
  },
  "8 warn pnpm": {
    "message": "Moving ipfs-message-port-server that was installed by a different package manager to \"node_modules/.ignored",
    "prefix": "/home/vera"
  },
  "9 warn pnpm": {
    "message": "Moving rimraf that was installed by a different package manager to \"node_modules/.ignored",
    "prefix": "/home/vera"
  },
  "10 warn pnpm": {
    "message": "Moving typescript that was installed by a different package manager to \"node_modules/.ignored",
    "prefix": "/home/vera"
  },
  "11 warn pnpm": {
    "message": "Moving @atjson/offset-annotations that was installed by a different package manager to \"node_modules/.ignored",
    "prefix": "/home/vera"
  },
  "12 warn pnpm": {
    "message": "Moving @jolocom/sdk that was installed by a different package manager to \"node_modules/.ignored",
    "prefix": "/home/vera"
  },
  "13 warn pnpm": {
    "message": "Moving @jolocom/sdk-storage-typeorm that was installed by a different package manager to \"node_modules/.ignored",
    "prefix": "/home/vera"
  },
  "14 warn pnpm": {
    "message": "Moving @swc/cli that was installed by a different package manager to \"node_modules/.ignored",
    "prefix": "/home/vera"
  },
  "15 warn pnpm": {
    "message": "Moving @swc/core that was installed by a different package manager to \"node_modules/.ignored",
    "prefix": "/home/vera"
  },
  "16 warn pnpm": {
    "message": "Moving browser-readablestream-to-it that was installed by a different package manager to \"node_modules/.ignored",
    "prefix": "/home/vera"
  },
  "17 error pnpm": {
    "errno": -39,
    "code": "ENOTEMPTY",
    "syscall": "rename",
    "path": "/home/vera/node_modules/browser-readablestream-to-it",
    "dest": "/home/vera/node_modules/.ignored/browser-readablestream-to-it",
    "err": {
      "name": "pnpm",
      "message": "ENOTEMPTY: directory not empty, rename '/home/vera/node_modules/browser-readablestream-to-it' -> '/home/vera/node_modules/.ignored/browser-readablestream-to-it'",
      "code": "ENOTEMPTY",
      "stack": "pnpm: ENOTEMPTY: directory not empty, rename '/home/vera/node_modules/browser-readablestream-to-it' -> '/home/vera/node_modules/.ignored/browser-readablestream-to-it'"
    }
  }
}